[debug] [2022-05-27T14:15:38.869Z] ----------------------------------------------------------------------
[debug] [2022-05-27T14:15:38.872Z] Command:       C:\Program Files\nodejs\node.exe C:\Users\PROJIT\AppData\Roaming\npm\node_modules\firebase-tools\lib\bin\firebase.js deploy
[debug] [2022-05-27T14:15:38.872Z] CLI Version:   10.8.0
[debug] [2022-05-27T14:15:38.873Z] Platform:      win32
[debug] [2022-05-27T14:15:38.873Z] Node Version:  v16.15.0
[debug] [2022-05-27T14:15:38.882Z] Time:          Fri May 27 2022 20:15:38 GMT+0600 (Bangladesh Standard Time)
[debug] [2022-05-27T14:15:38.882Z] ----------------------------------------------------------------------
[debug] 
[debug] [2022-05-27T14:15:38.986Z] > command requires scopes: ["email","openid","https://www.googleapis.com/auth/cloudplatformprojects.readonly","https://www.googleapis.com/auth/firebase","https://www.googleapis.com/auth/cloud-platform"]
[debug] [2022-05-27T14:15:38.986Z] > authorizing via signed-in user (projitmondol@gmail.com)
[debug] [2022-05-27T14:15:38.986Z] [iam] checking project ns-motors-bangladesh-ltd for permissions ["firebase.projects.get","firebasehosting.sites.update"]
[debug] [2022-05-27T14:15:38.991Z] >>> [apiv2][query] POST https://cloudresourcemanager.googleapis.com/v1/projects/ns-motors-bangladesh-ltd:testIamPermissions [none]
[debug] [2022-05-27T14:15:38.991Z] >>> [apiv2][body] POST https://cloudresourcemanager.googleapis.com/v1/projects/ns-motors-bangladesh-ltd:testIamPermissions {"permissions":["firebase.projects.get","firebasehosting.sites.update"]}
[debug] [2022-05-27T14:15:40.803Z] <<< [apiv2][status] POST https://cloudresourcemanager.googleapis.com/v1/projects/ns-motors-bangladesh-ltd:testIamPermissions 200
[debug] [2022-05-27T14:15:40.804Z] <<< [apiv2][body] POST https://cloudresourcemanager.googleapis.com/v1/projects/ns-motors-bangladesh-ltd:testIamPermissions {"permissions":["firebase.projects.get","firebasehosting.sites.update"]}
[debug] [2022-05-27T14:15:40.809Z] >>> [apiv2][query] GET https://firebase.googleapis.com/v1beta1/projects/ns-motors-bangladesh-ltd [none]
[debug] [2022-05-27T14:15:41.297Z] <<< [apiv2][status] GET https://firebase.googleapis.com/v1beta1/projects/ns-motors-bangladesh-ltd 200
[debug] [2022-05-27T14:15:41.297Z] <<< [apiv2][body] GET https://firebase.googleapis.com/v1beta1/projects/ns-motors-bangladesh-ltd {"projectId":"ns-motors-bangladesh-ltd","projectNumber":"554772674511","displayName":"NS-Motors-Bangladesh-Ltd","name":"projects/ns-motors-bangladesh-ltd","resources":{"hostingSite":"ns-motors-bangladesh-ltd"},"state":"ACTIVE"}
[info] 
[info] === Deploying to 'ns-motors-bangladesh-ltd'...
[info] 
[info] i  deploying hosting 
[debug] [2022-05-27T14:15:41.307Z] >>> [apiv2][query] GET https://firebase.googleapis.com/v1beta1/projects/ns-motors-bangladesh-ltd [none]
[debug] [2022-05-27T14:15:41.780Z] <<< [apiv2][status] GET https://firebase.googleapis.com/v1beta1/projects/ns-motors-bangladesh-ltd 200
[debug] [2022-05-27T14:15:41.780Z] <<< [apiv2][body] GET https://firebase.googleapis.com/v1beta1/projects/ns-motors-bangladesh-ltd {"projectId":"ns-motors-bangladesh-ltd","projectNumber":"554772674511","displayName":"NS-Motors-Bangladesh-Ltd","name":"projects/ns-motors-bangladesh-ltd","resources":{"hostingSite":"ns-motors-bangladesh-ltd"},"state":"ACTIVE"}
[debug] [2022-05-27T14:15:41.787Z] >>> [apiv2][query] POST https://firebasehosting.googleapis.com/v1beta1/projects/554772674511/sites/ns-motors-bangladesh-ltd/versions [none]
[debug] [2022-05-27T14:15:41.788Z] >>> [apiv2][body] POST https://firebasehosting.googleapis.com/v1beta1/projects/554772674511/sites/ns-motors-bangladesh-ltd/versions {"config":{"rewrites":[{"glob":"**","path":"/index.html"}]},"labels":{"deployment-tool":"cli-firebase"}}
[debug] [2022-05-27T14:15:44.165Z] <<< [apiv2][status] POST https://firebasehosting.googleapis.com/v1beta1/projects/554772674511/sites/ns-motors-bangladesh-ltd/versions 200
[debug] [2022-05-27T14:15:44.165Z] <<< [apiv2][body] POST https://firebasehosting.googleapis.com/v1beta1/projects/554772674511/sites/ns-motors-bangladesh-ltd/versions {"name":"projects/554772674511/sites/ns-motors-bangladesh-ltd/versions/15bcf28d1fec5721","status":"CREATED","config":{"rewrites":[{"glob":"**","path":"/index.html"}]},"labels":{"deployment-tool":"cli-firebase"}}
[info] i  hosting[ns-motors-bangladesh-ltd]: beginning deploy... 
[info] i  hosting[ns-motors-bangladesh-ltd]: found 27 files in build 
[debug] [2022-05-27T14:15:44.207Z] [hosting] uploading with 200 concurrency
[debug] [2022-05-27T14:15:44.210Z] [hosting] hash cache [YnVpbGQ] not populated
[debug] [2022-05-27T14:15:44.708Z] [hosting] hash cache [YnVpbGQ] stored for 27 files
[debug] [2022-05-27T14:15:44.709Z] [hosting][hash queue][FINAL] {"max":469,"min":49,"avg":73.22222222222223,"active":0,"complete":27,"success":27,"errored":0,"retried":0,"total":27,"elapsed":498}
[debug] [2022-05-27T14:15:44.709Z] >>> [apiv2][query] POST https://firebasehosting.googleapis.com/v1beta1/projects/554772674511/sites/ns-motors-bangladesh-ltd/versions/15bcf28d1fec5721:populateFiles [none]
[debug] [2022-05-27T14:15:44.709Z] >>> [apiv2][body] POST https://firebasehosting.googleapis.com/v1beta1/projects/554772674511/sites/ns-motors-bangladesh-ltd/versions/15bcf28d1fec5721:populateFiles {"files":{"/asset-manifest.json":"172ac04a8295182188a6aaa8645293fcef00e784666bdab00d3a3cadb0bdd984","/fav2.ico":"eae62e993eb980ec8a25058c39d5a51feab118bd2100c4deebb2a9c158ec11f9","/favicon.ico":"81169a02a12aa56cc005982530c0f27f515259b1df2211e4f8b4130a62d03c19","/hproducts.json":"07f8a50f6e6e75208f5590cf6fb0a09a2a12f1b8da42ed2b13fe10bb69aafcd7","/index.html":"4ce9986c1987cddfc858bf7a3a86c5b6aee0ef7738f30f9a9fdad50f9a068068","/logo192.png":"3ee59515172ee198f3be375979df15ac5345183e656720a381b8872b2a39dc8b","/manifest.json":"aff3449bdc238776f5d6d967f19ec491b36aed5fb7f23ccff6500736fd58494a","/logo512.png":"ee7e2f3fdb8209c4b6fd7bef6ba50d1b9dba30a25bb5c3126df057e1cb6f5331","/populerproduct.json":"8ae2676387cab8ede51472fd9c38ba72baf4fc56be6fb6d07d6b948d95e7e5c2","/products.json":"8bd045fa632f823760d9071dc6957d59f2241e63953bbf0ceecb2e395453ca83","/reviews.json":"b55ebfe3a7f396fcfb6cef40a775da661acaa56fb03af0a35b0d3a15c9628731","/robots.txt":"bfe106a3fb878dc83461c86818bf74fc1bdc7f28538ba613cd3e775516ce8b49","/static/js/787.f3c8c4df.chunk.js":"f7bf3c200897e2118d021ec01729c1f303ad4865dab34b6d9b96cb372c994011","/static/js/787.f3c8c4df.chunk.js.map":"36fa03bcccf0dfd58176bdab6d77b5ae0445b0a65bfe370632dcd9ef32ce11c8","/static/js/main.e9bce768.js.LICENSE.txt":"9fc11873fb68a0e19709423431ebb205aac248d12e73c6085f3a48b78ca87394","/static/css/main.bff34318.css.map":"527898a50a9d340b4e64196d6dac58f6ff32b6f2d90fb018870457d10b38dc14","/static/media/logo.99ce3f7f9e38c9f6b303.ico":"81169a02a12aa56cc005982530c0f27f515259b1df2211e4f8b4130a62d03c19","/static/css/main.bff34318.css":"af98f058e94aac92fa3517c7f64d9525f61e875f77964343b08d49cba294dea2","/static/media/bannerimg1.bbf7fd2ea6a06404f227.jpg":"f6ebece6e19efd98cbff9f905ed18aa9ebd51fa2edd96c9f37482c4066ca3494","/static/media/bannerimg2.f25810a39df2f6d3d9bd.jpg":"55c857ec87c83a7e8d0dcec84a9187b092e1d944efbc07016ae3a24252f11197","/static/media/questionimg.040f48f4ccae4013c0de.png":"d01ed52e5c7abbfa552fe4ab6c3c0512c349423b40487ccf0cfc662f261fa294","/static/media/bannerimg3.1102b0a9f124cc90462f.jpg":"12ce211738fbaa9462babea80a011668f2e96ea94b25f64971506bae8e863db8","/static/media/notfound.8b1923746cde82cb0619.png":"a9b79fe6662289b799dd9f62301bde5b2290c976ad8fc2c0142dc91eac4e58cd","/static/media/populerproduct.5ea0885bdd94fdbe96ec.png":"86973159e2f04dcc24acaed74abc18a2700e85fa397f06af41eeef89f4334a42","/static/js/main.e9bce768.js":"5eb06887e74cd15f33dd98c169980a71cfd59cdab0494bfe72fc0948b607cfcd","/static/media/footerimg.ba625f0df1d234cb9b0a.jpg":"9c4200d147bd3b5ec2273fcccd1253ca15aa54950e1501aafb78e7395c3533a4","/static/js/main.e9bce768.js.map":"92d76925e841f9da382c2375df561319dbcd6d709bebeacdf1cc307b91f4eb6c"}}
[debug] [2022-05-27T14:15:46.345Z] <<< [apiv2][status] POST https://firebasehosting.googleapis.com/v1beta1/projects/554772674511/sites/ns-motors-bangladesh-ltd/versions/15bcf28d1fec5721:populateFiles 200
[debug] [2022-05-27T14:15:46.345Z] <<< [apiv2][body] POST https://firebasehosting.googleapis.com/v1beta1/projects/554772674511/sites/ns-motors-bangladesh-ltd/versions/15bcf28d1fec5721:populateFiles {"uploadRequiredHashes":["81169a02a12aa56cc005982530c0f27f515259b1df2211e4f8b4130a62d03c19","3ee59515172ee198f3be375979df15ac5345183e656720a381b8872b2a39dc8b","9fc11873fb68a0e19709423431ebb205aac248d12e73c6085f3a48b78ca87394","af98f058e94aac92fa3517c7f64d9525f61e875f77964343b08d49cba294dea2","b55ebfe3a7f396fcfb6cef40a775da661acaa56fb03af0a35b0d3a15c9628731","527898a50a9d340b4e64196d6dac58f6ff32b6f2d90fb018870457d10b38dc14","f6ebece6e19efd98cbff9f905ed18aa9ebd51fa2edd96c9f37482c4066ca3494","bfe106a3fb878dc83461c86818bf74fc1bdc7f28538ba613cd3e775516ce8b49","12ce211738fbaa9462babea80a011668f2e96ea94b25f64971506bae8e863db8","86973159e2f04dcc24acaed74abc18a2700e85fa397f06af41eeef89f4334a42","d01ed52e5c7abbfa552fe4ab6c3c0512c349423b40487ccf0cfc662f261fa294","ee7e2f3fdb8209c4b6fd7bef6ba50d1b9dba30a25bb5c3126df057e1cb6f5331","172ac04a8295182188a6aaa8645293fcef00e784666bdab00d3a3cadb0bdd984","5eb06887e74cd15f33dd98c169980a71cfd59cdab0494bfe72fc0948b607cfcd","8bd045fa632f823760d9071dc6957d59f2241e63953bbf0ceecb2e395453ca83","4ce9986c1987cddfc858bf7a3a86c5b6aee0ef7738f30f9a9fdad50f9a068068","a9b79fe6662289b799dd9f62301bde5b2290c976ad8fc2c0142dc91eac4e58cd","f7bf3c200897e2118d021ec01729c1f303ad4865dab34b6d9b96cb372c994011","aff3449bdc238776f5d6d967f19ec491b36aed5fb7f23ccff6500736fd58494a","8ae2676387cab8ede51472fd9c38ba72baf4fc56be6fb6d07d6b948d95e7e5c2","eae62e993eb980ec8a25058c39d5a51feab118bd2100c4deebb2a9c158ec11f9","9c4200d147bd3b5ec2273fcccd1253ca15aa54950e1501aafb78e7395c3533a4","92d76925e841f9da382c2375df561319dbcd6d709bebeacdf1cc307b91f4eb6c","07f8a50f6e6e75208f5590cf6fb0a09a2a12f1b8da42ed2b13fe10bb69aafcd7","36fa03bcccf0dfd58176bdab6d77b5ae0445b0a65bfe370632dcd9ef32ce11c8","55c857ec87c83a7e8d0dcec84a9187b092e1d944efbc07016ae3a24252f11197"],"uploadUrl":"https://upload-firebasehosting.googleapis.com/upload/sites/ns-motors-bangladesh-ltd/versions/15bcf28d1fec5721/files"}
[debug] [2022-05-27T14:15:46.357Z] >>> [apiv2][query] POST https://upload-firebasehosting.googleapis.com/upload/sites/ns-motors-bangladesh-ltd/versions/15bcf28d1fec5721/files/81169a02a12aa56cc005982530c0f27f515259b1df2211e4f8b4130a62d03c19 [none]
[debug] [2022-05-27T14:15:46.357Z] >>> [apiv2][body] POST https://upload-firebasehosting.googleapis.com/upload/sites/ns-motors-bangladesh-ltd/versions/15bcf28d1fec5721/files/81169a02a12aa56cc005982530c0f27f515259b1df2211e4f8b4130a62d03c19 [stream]
[debug] [2022-05-27T14:15:46.360Z] >>> [apiv2][query] POST https://upload-firebasehosting.googleapis.com/upload/sites/ns-motors-bangladesh-ltd/versions/15bcf28d1fec5721/files/3ee59515172ee198f3be375979df15ac5345183e656720a381b8872b2a39dc8b [none]
[debug] [2022-05-27T14:15:46.360Z] >>> [apiv2][body] POST https://upload-firebasehosting.googleapis.com/upload/sites/ns-motors-bangladesh-ltd/versions/15bcf28d1fec5721/files/3ee59515172ee198f3be375979df15ac5345183e656720a381b8872b2a39dc8b [stream]
[debug] [2022-05-27T14:15:46.362Z] >>> [apiv2][query] POST https://upload-firebasehosting.googleapis.com/upload/sites/ns-motors-bangladesh-ltd/versions/15bcf28d1fec5721/files/9fc11873fb68a0e19709423431ebb205aac248d12e73c6085f3a48b78ca87394 [none]
[debug] [2022-05-27T14:15:46.362Z] >>> [apiv2][body] POST https://upload-firebasehosting.googleapis.com/upload/sites/ns-motors-bangladesh-ltd/versions/15bcf28d1fec5721/files/9fc11873fb68a0e19709423431ebb205aac248d12e73c6085f3a48b78ca87394 [stream]
[debug] [2022-05-27T14:15:46.364Z] >>> [apiv2][query] POST https://upload-firebasehosting.googleapis.com/upload/sites/ns-motors-bangladesh-ltd/versions/15bcf28d1fec5721/files/af98f058e94aac92fa3517c7f64d9525f61e875f77964343b08d49cba294dea2 [none]
[debug] [2022-05-27T14:15:46.364Z] >>> [apiv2][body] POST https://upload-firebasehosting.googleapis.com/upload/sites/ns-motors-bangladesh-ltd/versions/15bcf28d1fec5721/files/af98f058e94aac92fa3517c7f64d9525f61e875f77964343b08d49cba294dea2 [stream]
[debug] [2022-05-27T14:15:46.367Z] >>> [apiv2][query] POST https://upload-firebasehosting.googleapis.com/upload/sites/ns-motors-bangladesh-ltd/versions/15bcf28d1fec5721/files/b55ebfe3a7f396fcfb6cef40a775da661acaa56fb03af0a35b0d3a15c9628731 [none]
[debug] [2022-05-27T14:15:46.367Z] >>> [apiv2][body] POST https://upload-firebasehosting.googleapis.com/upload/sites/ns-motors-bangladesh-ltd/versions/15bcf28d1fec5721/files/b55ebfe3a7f396fcfb6cef40a775da661acaa56fb03af0a35b0d3a15c9628731 [stream]
[debug] [2022-05-27T14:15:46.370Z] >>> [apiv2][query] POST https://upload-firebasehosting.googleapis.com/upload/sites/ns-motors-bangladesh-ltd/versions/15bcf28d1fec5721/files/527898a50a9d340b4e64196d6dac58f6ff32b6f2d90fb018870457d10b38dc14 [none]
[debug] [2022-05-27T14:15:46.371Z] >>> [apiv2][body] POST https://upload-firebasehosting.googleapis.com/upload/sites/ns-motors-bangladesh-ltd/versions/15bcf28d1fec5721/files/527898a50a9d340b4e64196d6dac58f6ff32b6f2d90fb018870457d10b38dc14 [stream]
[debug] [2022-05-27T14:15:46.373Z] >>> [apiv2][query] POST https://upload-firebasehosting.googleapis.com/upload/sites/ns-motors-bangladesh-ltd/versions/15bcf28d1fec5721/files/f6ebece6e19efd98cbff9f905ed18aa9ebd51fa2edd96c9f37482c4066ca3494 [none]
[debug] [2022-05-27T14:15:46.374Z] >>> [apiv2][body] POST https://upload-firebasehosting.googleapis.com/upload/sites/ns-motors-bangladesh-ltd/versions/15bcf28d1fec5721/files/f6ebece6e19efd98cbff9f905ed18aa9ebd51fa2edd96c9f37482c4066ca3494 [stream]
[debug] [2022-05-27T14:15:46.376Z] >>> [apiv2][query] POST https://upload-firebasehosting.googleapis.com/upload/sites/ns-motors-bangladesh-ltd/versions/15bcf28d1fec5721/files/bfe106a3fb878dc83461c86818bf74fc1bdc7f28538ba613cd3e775516ce8b49 [none]
[debug] [2022-05-27T14:15:46.376Z] >>> [apiv2][body] POST https://upload-firebasehosting.googleapis.com/upload/sites/ns-motors-bangladesh-ltd/versions/15bcf28d1fec5721/files/bfe106a3fb878dc83461c86818bf74fc1bdc7f28538ba613cd3e775516ce8b49 [stream]
[debug] [2022-05-27T14:15:46.379Z] >>> [apiv2][query] POST https://upload-firebasehosting.googleapis.com/upload/sites/ns-motors-bangladesh-ltd/versions/15bcf28d1fec5721/files/12ce211738fbaa9462babea80a011668f2e96ea94b25f64971506bae8e863db8 [none]
[debug] [2022-05-27T14:15:46.379Z] >>> [apiv2][body] POST https://upload-firebasehosting.googleapis.com/upload/sites/ns-motors-bangladesh-ltd/versions/15bcf28d1fec5721/files/12ce211738fbaa9462babea80a011668f2e96ea94b25f64971506bae8e863db8 [stream]
[debug] [2022-05-27T14:15:46.381Z] >>> [apiv2][query] POST https://upload-firebasehosting.googleapis.com/upload/sites/ns-motors-bangladesh-ltd/versions/15bcf28d1fec5721/files/86973159e2f04dcc24acaed74abc18a2700e85fa397f06af41eeef89f4334a42 [none]
[debug] [2022-05-27T14:15:46.382Z] >>> [apiv2][body] POST https://upload-firebasehosting.googleapis.com/upload/sites/ns-motors-bangladesh-ltd/versions/15bcf28d1fec5721/files/86973159e2f04dcc24acaed74abc18a2700e85fa397f06af41eeef89f4334a42 [stream]
[debug] [2022-05-27T14:15:46.384Z] >>> [apiv2][query] POST https://upload-firebasehosting.googleapis.com/upload/sites/ns-motors-bangladesh-ltd/versions/15bcf28d1fec5721/files/d01ed52e5c7abbfa552fe4ab6c3c0512c349423b40487ccf0cfc662f261fa294 [none]
[debug] [2022-05-27T14:15:46.384Z] >>> [apiv2][body] POST https://upload-firebasehosting.googleapis.com/upload/sites/ns-motors-bangladesh-ltd/versions/15bcf28d1fec5721/files/d01ed52e5c7abbfa552fe4ab6c3c0512c349423b40487ccf0cfc662f261fa294 [stream]
[debug] [2022-05-27T14:15:46.386Z] >>> [apiv2][query] POST https://upload-firebasehosting.googleapis.com/upload/sites/ns-motors-bangladesh-ltd/versions/15bcf28d1fec5721/files/ee7e2f3fdb8209c4b6fd7bef6ba50d1b9dba30a25bb5c3126df057e1cb6f5331 [none]
[debug] [2022-05-27T14:15:46.387Z] >>> [apiv2][body] POST https://upload-firebasehosting.googleapis.com/upload/sites/ns-motors-bangladesh-ltd/versions/15bcf28d1fec5721/files/ee7e2f3fdb8209c4b6fd7bef6ba50d1b9dba30a25bb5c3126df057e1cb6f5331 [stream]
[debug] [2022-05-27T14:15:46.389Z] >>> [apiv2][query] POST https://upload-firebasehosting.googleapis.com/upload/sites/ns-motors-bangladesh-ltd/versions/15bcf28d1fec5721/files/172ac04a8295182188a6aaa8645293fcef00e784666bdab00d3a3cadb0bdd984 [none]
[debug] [2022-05-27T14:15:46.389Z] >>> [apiv2][body] POST https://upload-firebasehosting.googleapis.com/upload/sites/ns-motors-bangladesh-ltd/versions/15bcf28d1fec5721/files/172ac04a8295182188a6aaa8645293fcef00e784666bdab00d3a3cadb0bdd984 [stream]
[debug] [2022-05-27T14:15:46.391Z] >>> [apiv2][query] POST https://upload-firebasehosting.googleapis.com/upload/sites/ns-motors-bangladesh-ltd/versions/15bcf28d1fec5721/files/5eb06887e74cd15f33dd98c169980a71cfd59cdab0494bfe72fc0948b607cfcd [none]
[debug] [2022-05-27T14:15:46.391Z] >>> [apiv2][body] POST https://upload-firebasehosting.googleapis.com/upload/sites/ns-motors-bangladesh-ltd/versions/15bcf28d1fec5721/files/5eb06887e74cd15f33dd98c169980a71cfd59cdab0494bfe72fc0948b607cfcd [stream]
[debug] [2022-05-27T14:15:46.405Z] >>> [apiv2][query] POST https://upload-firebasehosting.googleapis.com/upload/sites/ns-motors-bangladesh-ltd/versions/15bcf28d1fec5721/files/8bd045fa632f823760d9071dc6957d59f2241e63953bbf0ceecb2e395453ca83 [none]
[debug] [2022-05-27T14:15:46.405Z] >>> [apiv2][body] POST https://upload-firebasehosting.googleapis.com/upload/sites/ns-motors-bangladesh-ltd/versions/15bcf28d1fec5721/files/8bd045fa632f823760d9071dc6957d59f2241e63953bbf0ceecb2e395453ca83 [stream]
[debug] [2022-05-27T14:15:46.408Z] >>> [apiv2][query] POST https://upload-firebasehosting.googleapis.com/upload/sites/ns-motors-bangladesh-ltd/versions/15bcf28d1fec5721/files/4ce9986c1987cddfc858bf7a3a86c5b6aee0ef7738f30f9a9fdad50f9a068068 [none]
[debug] [2022-05-27T14:15:46.408Z] >>> [apiv2][body] POST https://upload-firebasehosting.googleapis.com/upload/sites/ns-motors-bangladesh-ltd/versions/15bcf28d1fec5721/files/4ce9986c1987cddfc858bf7a3a86c5b6aee0ef7738f30f9a9fdad50f9a068068 [stream]
[debug] [2022-05-27T14:15:46.411Z] >>> [apiv2][query] POST https://upload-firebasehosting.googleapis.com/upload/sites/ns-motors-bangladesh-ltd/versions/15bcf28d1fec5721/files/a9b79fe6662289b799dd9f62301bde5b2290c976ad8fc2c0142dc91eac4e58cd [none]
[debug] [2022-05-27T14:15:46.411Z] >>> [apiv2][body] POST https://upload-firebasehosting.googleapis.com/upload/sites/ns-motors-bangladesh-ltd/versions/15bcf28d1fec5721/files/a9b79fe6662289b799dd9f62301bde5b2290c976ad8fc2c0142dc91eac4e58cd [stream]
[debug] [2022-05-27T14:15:46.413Z] >>> [apiv2][query] POST https://upload-firebasehosting.googleapis.com/upload/sites/ns-motors-bangladesh-ltd/versions/15bcf28d1fec5721/files/f7bf3c200897e2118d021ec01729c1f303ad4865dab34b6d9b96cb372c994011 [none]
[debug] [2022-05-27T14:15:46.414Z] >>> [apiv2][body] POST https://upload-firebasehosting.googleapis.com/upload/sites/ns-motors-bangladesh-ltd/versions/15bcf28d1fec5721/files/f7bf3c200897e2118d021ec01729c1f303ad4865dab34b6d9b96cb372c994011 [stream]
[debug] [2022-05-27T14:15:46.416Z] >>> [apiv2][query] POST https://upload-firebasehosting.googleapis.com/upload/sites/ns-motors-bangladesh-ltd/versions/15bcf28d1fec5721/files/aff3449bdc238776f5d6d967f19ec491b36aed5fb7f23ccff6500736fd58494a [none]
[debug] [2022-05-27T14:15:46.416Z] >>> [apiv2][body] POST https://upload-firebasehosting.googleapis.com/upload/sites/ns-motors-bangladesh-ltd/versions/15bcf28d1fec5721/files/aff3449bdc238776f5d6d967f19ec491b36aed5fb7f23ccff6500736fd58494a [stream]
[debug] [2022-05-27T14:15:46.417Z] >>> [apiv2][query] POST https://upload-firebasehosting.googleapis.com/upload/sites/ns-motors-bangladesh-ltd/versions/15bcf28d1fec5721/files/8ae2676387cab8ede51472fd9c38ba72baf4fc56be6fb6d07d6b948d95e7e5c2 [none]
[debug] [2022-05-27T14:15:46.417Z] >>> [apiv2][body] POST https://upload-firebasehosting.googleapis.com/upload/sites/ns-motors-bangladesh-ltd/versions/15bcf28d1fec5721/files/8ae2676387cab8ede51472fd9c38ba72baf4fc56be6fb6d07d6b948d95e7e5c2 [stream]
[debug] [2022-05-27T14:15:46.418Z] >>> [apiv2][query] POST https://upload-firebasehosting.googleapis.com/upload/sites/ns-motors-bangladesh-ltd/versions/15bcf28d1fec5721/files/eae62e993eb980ec8a25058c39d5a51feab118bd2100c4deebb2a9c158ec11f9 [none]
[debug] [2022-05-27T14:15:46.418Z] >>> [apiv2][body] POST https://upload-firebasehosting.googleapis.com/upload/sites/ns-motors-bangladesh-ltd/versions/15bcf28d1fec5721/files/eae62e993eb980ec8a25058c39d5a51feab118bd2100c4deebb2a9c158ec11f9 [stream]
[debug] [2022-05-27T14:15:46.419Z] >>> [apiv2][query] POST https://upload-firebasehosting.googleapis.com/upload/sites/ns-motors-bangladesh-ltd/versions/15bcf28d1fec5721/files/9c4200d147bd3b5ec2273fcccd1253ca15aa54950e1501aafb78e7395c3533a4 [none]
[debug] [2022-05-27T14:15:46.419Z] >>> [apiv2][body] POST https://upload-firebasehosting.googleapis.com/upload/sites/ns-motors-bangladesh-ltd/versions/15bcf28d1fec5721/files/9c4200d147bd3b5ec2273fcccd1253ca15aa54950e1501aafb78e7395c3533a4 [stream]
[debug] [2022-05-27T14:15:46.421Z] >>> [apiv2][query] POST https://upload-firebasehosting.googleapis.com/upload/sites/ns-motors-bangladesh-ltd/versions/15bcf28d1fec5721/files/92d76925e841f9da382c2375df561319dbcd6d709bebeacdf1cc307b91f4eb6c [none]
[debug] [2022-05-27T14:15:46.421Z] >>> [apiv2][body] POST https://upload-firebasehosting.googleapis.com/upload/sites/ns-motors-bangladesh-ltd/versions/15bcf28d1fec5721/files/92d76925e841f9da382c2375df561319dbcd6d709bebeacdf1cc307b91f4eb6c [stream]
[debug] [2022-05-27T14:15:46.422Z] >>> [apiv2][query] POST https://upload-firebasehosting.googleapis.com/upload/sites/ns-motors-bangladesh-ltd/versions/15bcf28d1fec5721/files/07f8a50f6e6e75208f5590cf6fb0a09a2a12f1b8da42ed2b13fe10bb69aafcd7 [none]
[debug] [2022-05-27T14:15:46.422Z] >>> [apiv2][body] POST https://upload-firebasehosting.googleapis.com/upload/sites/ns-motors-bangladesh-ltd/versions/15bcf28d1fec5721/files/07f8a50f6e6e75208f5590cf6fb0a09a2a12f1b8da42ed2b13fe10bb69aafcd7 [stream]
[debug] [2022-05-27T14:15:46.423Z] >>> [apiv2][query] POST https://upload-firebasehosting.googleapis.com/upload/sites/ns-motors-bangladesh-ltd/versions/15bcf28d1fec5721/files/36fa03bcccf0dfd58176bdab6d77b5ae0445b0a65bfe370632dcd9ef32ce11c8 [none]
[debug] [2022-05-27T14:15:46.423Z] >>> [apiv2][body] POST https://upload-firebasehosting.googleapis.com/upload/sites/ns-motors-bangladesh-ltd/versions/15bcf28d1fec5721/files/36fa03bcccf0dfd58176bdab6d77b5ae0445b0a65bfe370632dcd9ef32ce11c8 [stream]
[debug] [2022-05-27T14:15:46.424Z] >>> [apiv2][query] POST https://upload-firebasehosting.googleapis.com/upload/sites/ns-motors-bangladesh-ltd/versions/15bcf28d1fec5721/files/55c857ec87c83a7e8d0dcec84a9187b092e1d944efbc07016ae3a24252f11197 [none]
[debug] [2022-05-27T14:15:46.424Z] >>> [apiv2][body] POST https://upload-firebasehosting.googleapis.com/upload/sites/ns-motors-bangladesh-ltd/versions/15bcf28d1fec5721/files/55c857ec87c83a7e8d0dcec84a9187b092e1d944efbc07016ae3a24252f11197 [stream]
[debug] [2022-05-27T14:15:46.425Z] [hosting][populate queue][FINAL] {"max":1652,"min":1652,"avg":1652,"active":0,"complete":1,"success":1,"errored":0,"retried":0,"total":1,"elapsed":1721}
[debug] [2022-05-27T14:15:46.426Z] [hosting] uploads queued: 26
[debug] [2022-05-27T14:15:47.948Z] <<< [apiv2][status] POST https://upload-firebasehosting.googleapis.com/upload/sites/ns-motors-bangladesh-ltd/versions/15bcf28d1fec5721/files/9fc11873fb68a0e19709423431ebb205aac248d12e73c6085f3a48b78ca87394 200
[debug] [2022-05-27T14:15:47.948Z] <<< [apiv2][body] POST https://upload-firebasehosting.googleapis.com/upload/sites/ns-motors-bangladesh-ltd/versions/15bcf28d1fec5721/files/9fc11873fb68a0e19709423431ebb205aac248d12e73c6085f3a48b78ca87394 [stream]
[debug] [2022-05-27T14:15:48.064Z] <<< [apiv2][status] POST https://upload-firebasehosting.googleapis.com/upload/sites/ns-motors-bangladesh-ltd/versions/15bcf28d1fec5721/files/b55ebfe3a7f396fcfb6cef40a775da661acaa56fb03af0a35b0d3a15c9628731 200
[debug] [2022-05-27T14:15:48.065Z] <<< [apiv2][body] POST https://upload-firebasehosting.googleapis.com/upload/sites/ns-motors-bangladesh-ltd/versions/15bcf28d1fec5721/files/b55ebfe3a7f396fcfb6cef40a775da661acaa56fb03af0a35b0d3a15c9628731 [stream]
[debug] [2022-05-27T14:15:48.107Z] <<< [apiv2][status] POST https://upload-firebasehosting.googleapis.com/upload/sites/ns-motors-bangladesh-ltd/versions/15bcf28d1fec5721/files/f7bf3c200897e2118d021ec01729c1f303ad4865dab34b6d9b96cb372c994011 200
[debug] [2022-05-27T14:15:48.107Z] <<< [apiv2][body] POST https://upload-firebasehosting.googleapis.com/upload/sites/ns-motors-bangladesh-ltd/versions/15bcf28d1fec5721/files/f7bf3c200897e2118d021ec01729c1f303ad4865dab34b6d9b96cb372c994011 [stream]
[debug] [2022-05-27T14:15:48.127Z] <<< [apiv2][status] POST https://upload-firebasehosting.googleapis.com/upload/sites/ns-motors-bangladesh-ltd/versions/15bcf28d1fec5721/files/12ce211738fbaa9462babea80a011668f2e96ea94b25f64971506bae8e863db8 200
[debug] [2022-05-27T14:15:48.127Z] <<< [apiv2][body] POST https://upload-firebasehosting.googleapis.com/upload/sites/ns-motors-bangladesh-ltd/versions/15bcf28d1fec5721/files/12ce211738fbaa9462babea80a011668f2e96ea94b25f64971506bae8e863db8 [stream]
[debug] [2022-05-27T14:15:48.282Z] <<< [apiv2][status] POST https://upload-firebasehosting.googleapis.com/upload/sites/ns-motors-bangladesh-ltd/versions/15bcf28d1fec5721/files/af98f058e94aac92fa3517c7f64d9525f61e875f77964343b08d49cba294dea2 200
[debug] [2022-05-27T14:15:48.282Z] <<< [apiv2][body] POST https://upload-firebasehosting.googleapis.com/upload/sites/ns-motors-bangladesh-ltd/versions/15bcf28d1fec5721/files/af98f058e94aac92fa3517c7f64d9525f61e875f77964343b08d49cba294dea2 [stream]
[debug] [2022-05-27T14:15:48.361Z] <<< [apiv2][status] POST https://upload-firebasehosting.googleapis.com/upload/sites/ns-motors-bangladesh-ltd/versions/15bcf28d1fec5721/files/55c857ec87c83a7e8d0dcec84a9187b092e1d944efbc07016ae3a24252f11197 200
[debug] [2022-05-27T14:15:48.362Z] <<< [apiv2][body] POST https://upload-firebasehosting.googleapis.com/upload/sites/ns-motors-bangladesh-ltd/versions/15bcf28d1fec5721/files/55c857ec87c83a7e8d0dcec84a9187b092e1d944efbc07016ae3a24252f11197 [stream]
[debug] [2022-05-27T14:15:48.387Z] <<< [apiv2][status] POST https://upload-firebasehosting.googleapis.com/upload/sites/ns-motors-bangladesh-ltd/versions/15bcf28d1fec5721/files/172ac04a8295182188a6aaa8645293fcef00e784666bdab00d3a3cadb0bdd984 200
[debug] [2022-05-27T14:15:48.387Z] <<< [apiv2][body] POST https://upload-firebasehosting.googleapis.com/upload/sites/ns-motors-bangladesh-ltd/versions/15bcf28d1fec5721/files/172ac04a8295182188a6aaa8645293fcef00e784666bdab00d3a3cadb0bdd984 [stream]
[debug] [2022-05-27T14:15:48.394Z] <<< [apiv2][status] POST https://upload-firebasehosting.googleapis.com/upload/sites/ns-motors-bangladesh-ltd/versions/15bcf28d1fec5721/files/86973159e2f04dcc24acaed74abc18a2700e85fa397f06af41eeef89f4334a42 200
[debug] [2022-05-27T14:15:48.394Z] <<< [apiv2][body] POST https://upload-firebasehosting.googleapis.com/upload/sites/ns-motors-bangladesh-ltd/versions/15bcf28d1fec5721/files/86973159e2f04dcc24acaed74abc18a2700e85fa397f06af41eeef89f4334a42 [stream]
[debug] [2022-05-27T14:15:48.498Z] <<< [apiv2][status] POST https://upload-firebasehosting.googleapis.com/upload/sites/ns-motors-bangladesh-ltd/versions/15bcf28d1fec5721/files/3ee59515172ee198f3be375979df15ac5345183e656720a381b8872b2a39dc8b 200
[debug] [2022-05-27T14:15:48.499Z] <<< [apiv2][body] POST https://upload-firebasehosting.googleapis.com/upload/sites/ns-motors-bangladesh-ltd/versions/15bcf28d1fec5721/files/3ee59515172ee198f3be375979df15ac5345183e656720a381b8872b2a39dc8b [stream]
[debug] [2022-05-27T14:15:48.506Z] <<< [apiv2][status] POST https://upload-firebasehosting.googleapis.com/upload/sites/ns-motors-bangladesh-ltd/versions/15bcf28d1fec5721/files/ee7e2f3fdb8209c4b6fd7bef6ba50d1b9dba30a25bb5c3126df057e1cb6f5331 200
[debug] [2022-05-27T14:15:48.506Z] <<< [apiv2][body] POST https://upload-firebasehosting.googleapis.com/upload/sites/ns-motors-bangladesh-ltd/versions/15bcf28d1fec5721/files/ee7e2f3fdb8209c4b6fd7bef6ba50d1b9dba30a25bb5c3126df057e1cb6f5331 [stream]
[debug] [2022-05-27T14:15:48.559Z] <<< [apiv2][status] POST https://upload-firebasehosting.googleapis.com/upload/sites/ns-motors-bangladesh-ltd/versions/15bcf28d1fec5721/files/d01ed52e5c7abbfa552fe4ab6c3c0512c349423b40487ccf0cfc662f261fa294 200
[debug] [2022-05-27T14:15:48.559Z] <<< [apiv2][body] POST https://upload-firebasehosting.googleapis.com/upload/sites/ns-motors-bangladesh-ltd/versions/15bcf28d1fec5721/files/d01ed52e5c7abbfa552fe4ab6c3c0512c349423b40487ccf0cfc662f261fa294 [stream]
[debug] [2022-05-27T14:15:48.560Z] <<< [apiv2][status] POST https://upload-firebasehosting.googleapis.com/upload/sites/ns-motors-bangladesh-ltd/versions/15bcf28d1fec5721/files/eae62e993eb980ec8a25058c39d5a51feab118bd2100c4deebb2a9c158ec11f9 200
[debug] [2022-05-27T14:15:48.560Z] <<< [apiv2][body] POST https://upload-firebasehosting.googleapis.com/upload/sites/ns-motors-bangladesh-ltd/versions/15bcf28d1fec5721/files/eae62e993eb980ec8a25058c39d5a51feab118bd2100c4deebb2a9c158ec11f9 [stream]
[debug] [2022-05-27T14:15:48.612Z] <<< [apiv2][status] POST https://upload-firebasehosting.googleapis.com/upload/sites/ns-motors-bangladesh-ltd/versions/15bcf28d1fec5721/files/5eb06887e74cd15f33dd98c169980a71cfd59cdab0494bfe72fc0948b607cfcd 200
[debug] [2022-05-27T14:15:48.612Z] <<< [apiv2][body] POST https://upload-firebasehosting.googleapis.com/upload/sites/ns-motors-bangladesh-ltd/versions/15bcf28d1fec5721/files/5eb06887e74cd15f33dd98c169980a71cfd59cdab0494bfe72fc0948b607cfcd [stream]
[debug] [2022-05-27T14:15:48.655Z] <<< [apiv2][status] POST https://upload-firebasehosting.googleapis.com/upload/sites/ns-motors-bangladesh-ltd/versions/15bcf28d1fec5721/files/36fa03bcccf0dfd58176bdab6d77b5ae0445b0a65bfe370632dcd9ef32ce11c8 200
[debug] [2022-05-27T14:15:48.655Z] <<< [apiv2][body] POST https://upload-firebasehosting.googleapis.com/upload/sites/ns-motors-bangladesh-ltd/versions/15bcf28d1fec5721/files/36fa03bcccf0dfd58176bdab6d77b5ae0445b0a65bfe370632dcd9ef32ce11c8 [stream]
[debug] [2022-05-27T14:15:48.735Z] <<< [apiv2][status] POST https://upload-firebasehosting.googleapis.com/upload/sites/ns-motors-bangladesh-ltd/versions/15bcf28d1fec5721/files/81169a02a12aa56cc005982530c0f27f515259b1df2211e4f8b4130a62d03c19 200
[debug] [2022-05-27T14:15:48.735Z] <<< [apiv2][body] POST https://upload-firebasehosting.googleapis.com/upload/sites/ns-motors-bangladesh-ltd/versions/15bcf28d1fec5721/files/81169a02a12aa56cc005982530c0f27f515259b1df2211e4f8b4130a62d03c19 [stream]
[debug] [2022-05-27T14:15:48.755Z] <<< [apiv2][status] POST https://upload-firebasehosting.googleapis.com/upload/sites/ns-motors-bangladesh-ltd/versions/15bcf28d1fec5721/files/aff3449bdc238776f5d6d967f19ec491b36aed5fb7f23ccff6500736fd58494a 200
[debug] [2022-05-27T14:15:48.755Z] <<< [apiv2][body] POST https://upload-firebasehosting.googleapis.com/upload/sites/ns-motors-bangladesh-ltd/versions/15bcf28d1fec5721/files/aff3449bdc238776f5d6d967f19ec491b36aed5fb7f23ccff6500736fd58494a [stream]
[debug] [2022-05-27T14:15:48.875Z] <<< [apiv2][status] POST https://upload-firebasehosting.googleapis.com/upload/sites/ns-motors-bangladesh-ltd/versions/15bcf28d1fec5721/files/4ce9986c1987cddfc858bf7a3a86c5b6aee0ef7738f30f9a9fdad50f9a068068 200
[debug] [2022-05-27T14:15:48.875Z] <<< [apiv2][body] POST https://upload-firebasehosting.googleapis.com/upload/sites/ns-motors-bangladesh-ltd/versions/15bcf28d1fec5721/files/4ce9986c1987cddfc858bf7a3a86c5b6aee0ef7738f30f9a9fdad50f9a068068 [stream]
[debug] [2022-05-27T14:15:48.898Z] <<< [apiv2][status] POST https://upload-firebasehosting.googleapis.com/upload/sites/ns-motors-bangladesh-ltd/versions/15bcf28d1fec5721/files/527898a50a9d340b4e64196d6dac58f6ff32b6f2d90fb018870457d10b38dc14 200
[debug] [2022-05-27T14:15:48.898Z] <<< [apiv2][body] POST https://upload-firebasehosting.googleapis.com/upload/sites/ns-motors-bangladesh-ltd/versions/15bcf28d1fec5721/files/527898a50a9d340b4e64196d6dac58f6ff32b6f2d90fb018870457d10b38dc14 [stream]
[debug] [2022-05-27T14:15:48.905Z] <<< [apiv2][status] POST https://upload-firebasehosting.googleapis.com/upload/sites/ns-motors-bangladesh-ltd/versions/15bcf28d1fec5721/files/bfe106a3fb878dc83461c86818bf74fc1bdc7f28538ba613cd3e775516ce8b49 200
[debug] [2022-05-27T14:15:48.905Z] <<< [apiv2][body] POST https://upload-firebasehosting.googleapis.com/upload/sites/ns-motors-bangladesh-ltd/versions/15bcf28d1fec5721/files/bfe106a3fb878dc83461c86818bf74fc1bdc7f28538ba613cd3e775516ce8b49 [stream]
[debug] [2022-05-27T14:15:49.042Z] <<< [apiv2][status] POST https://upload-firebasehosting.googleapis.com/upload/sites/ns-motors-bangladesh-ltd/versions/15bcf28d1fec5721/files/8bd045fa632f823760d9071dc6957d59f2241e63953bbf0ceecb2e395453ca83 200
[debug] [2022-05-27T14:15:49.043Z] <<< [apiv2][body] POST https://upload-firebasehosting.googleapis.com/upload/sites/ns-motors-bangladesh-ltd/versions/15bcf28d1fec5721/files/8bd045fa632f823760d9071dc6957d59f2241e63953bbf0ceecb2e395453ca83 [stream]
[debug] [2022-05-27T14:15:49.076Z] <<< [apiv2][status] POST https://upload-firebasehosting.googleapis.com/upload/sites/ns-motors-bangladesh-ltd/versions/15bcf28d1fec5721/files/9c4200d147bd3b5ec2273fcccd1253ca15aa54950e1501aafb78e7395c3533a4 200
[debug] [2022-05-27T14:15:49.076Z] <<< [apiv2][body] POST https://upload-firebasehosting.googleapis.com/upload/sites/ns-motors-bangladesh-ltd/versions/15bcf28d1fec5721/files/9c4200d147bd3b5ec2273fcccd1253ca15aa54950e1501aafb78e7395c3533a4 [stream]
[debug] [2022-05-27T14:15:49.243Z] <<< [apiv2][status] POST https://upload-firebasehosting.googleapis.com/upload/sites/ns-motors-bangladesh-ltd/versions/15bcf28d1fec5721/files/8ae2676387cab8ede51472fd9c38ba72baf4fc56be6fb6d07d6b948d95e7e5c2 200
[debug] [2022-05-27T14:15:49.243Z] <<< [apiv2][body] POST https://upload-firebasehosting.googleapis.com/upload/sites/ns-motors-bangladesh-ltd/versions/15bcf28d1fec5721/files/8ae2676387cab8ede51472fd9c38ba72baf4fc56be6fb6d07d6b948d95e7e5c2 [stream]
[debug] [2022-05-27T14:15:49.558Z] <<< [apiv2][status] POST https://upload-firebasehosting.googleapis.com/upload/sites/ns-motors-bangladesh-ltd/versions/15bcf28d1fec5721/files/a9b79fe6662289b799dd9f62301bde5b2290c976ad8fc2c0142dc91eac4e58cd 200
[debug] [2022-05-27T14:15:49.559Z] <<< [apiv2][body] POST https://upload-firebasehosting.googleapis.com/upload/sites/ns-motors-bangladesh-ltd/versions/15bcf28d1fec5721/files/a9b79fe6662289b799dd9f62301bde5b2290c976ad8fc2c0142dc91eac4e58cd [stream]
[debug] [2022-05-27T14:15:49.561Z] <<< [apiv2][status] POST https://upload-firebasehosting.googleapis.com/upload/sites/ns-motors-bangladesh-ltd/versions/15bcf28d1fec5721/files/f6ebece6e19efd98cbff9f905ed18aa9ebd51fa2edd96c9f37482c4066ca3494 200
[debug] [2022-05-27T14:15:49.561Z] <<< [apiv2][body] POST https://upload-firebasehosting.googleapis.com/upload/sites/ns-motors-bangladesh-ltd/versions/15bcf28d1fec5721/files/f6ebece6e19efd98cbff9f905ed18aa9ebd51fa2edd96c9f37482c4066ca3494 [stream]
[debug] [2022-05-27T14:15:49.757Z] <<< [apiv2][status] POST https://upload-firebasehosting.googleapis.com/upload/sites/ns-motors-bangladesh-ltd/versions/15bcf28d1fec5721/files/92d76925e841f9da382c2375df561319dbcd6d709bebeacdf1cc307b91f4eb6c 200
[debug] [2022-05-27T14:15:49.758Z] <<< [apiv2][body] POST https://upload-firebasehosting.googleapis.com/upload/sites/ns-motors-bangladesh-ltd/versions/15bcf28d1fec5721/files/92d76925e841f9da382c2375df561319dbcd6d709bebeacdf1cc307b91f4eb6c [stream]
[debug] [2022-05-27T14:15:49.873Z] <<< [apiv2][status] POST https://upload-firebasehosting.googleapis.com/upload/sites/ns-motors-bangladesh-ltd/versions/15bcf28d1fec5721/files/07f8a50f6e6e75208f5590cf6fb0a09a2a12f1b8da42ed2b13fe10bb69aafcd7 200
[debug] [2022-05-27T14:15:49.873Z] <<< [apiv2][body] POST https://upload-firebasehosting.googleapis.com/upload/sites/ns-motors-bangladesh-ltd/versions/15bcf28d1fec5721/files/07f8a50f6e6e75208f5590cf6fb0a09a2a12f1b8da42ed2b13fe10bb69aafcd7 [stream]
[debug] [2022-05-27T14:15:49.873Z] [hosting][upload queue][FINAL] {"max":3518,"min":1601,"avg":2392.769230769231,"active":0,"complete":26,"success":26,"errored":0,"retried":0,"total":26,"elapsed":3527}
[info] +  hosting[ns-motors-bangladesh-ltd]: file upload complete 
[debug] [2022-05-27T14:15:49.875Z] [hosting] deploy completed after 5708ms
[debug] [2022-05-27T14:15:49.882Z] [
  {
    "config": {
      "public": "build",
      "ignore": [
        "firebase.json",
        "**/.*",
        "**/node_modules/**"
      ],
      "rewrites": [
        {
          "source": "**",
          "destination": "/index.html"
        }
      ],
      "site": "ns-motors-bangladesh-ltd"
    },
    "site": "ns-motors-bangladesh-ltd",
    "version": "projects/554772674511/sites/ns-motors-bangladesh-ltd/versions/15bcf28d1fec5721"
  }
]
[info] i  hosting[ns-motors-bangladesh-ltd]: finalizing version... 
[debug] [2022-05-27T14:15:49.886Z] >>> [apiv2][query] PATCH https://firebasehosting.googleapis.com/v1beta1/projects/554772674511/sites/ns-motors-bangladesh-ltd/versions/15bcf28d1fec5721 updateMask=status%2Cconfig
[debug] [2022-05-27T14:15:49.887Z] >>> [apiv2][body] PATCH https://firebasehosting.googleapis.com/v1beta1/projects/554772674511/sites/ns-motors-bangladesh-ltd/versions/15bcf28d1fec5721 {"status":"FINALIZED","config":{"rewrites":[{"glob":"**","path":"/index.html"}]}}
[debug] [2022-05-27T14:15:51.497Z] <<< [apiv2][status] PATCH https://firebasehosting.googleapis.com/v1beta1/projects/554772674511/sites/ns-motors-bangladesh-ltd/versions/15bcf28d1fec5721 200
[debug] [2022-05-27T14:15:51.497Z] <<< [apiv2][body] PATCH https://firebasehosting.googleapis.com/v1beta1/projects/554772674511/sites/ns-motors-bangladesh-ltd/versions/15bcf28d1fec5721 {"name":"projects/554772674511/sites/ns-motors-bangladesh-ltd/versions/15bcf28d1fec5721","status":"FINALIZED","config":{"rewrites":[{"glob":"**","path":"/index.html"}]},"labels":{"deployment-tool":"cli-firebase"},"createTime":"2022-05-27T14:15:45.963476Z","createUser":{"email":"projitmondol@gmail.com"},"finalizeTime":"2022-05-27T14:15:53.927388Z","finalizeUser":{"email":"projitmondol@gmail.com"}}
[debug] [2022-05-27T14:15:51.497Z] [hosting] finalized version for ns-motors-bangladesh-ltd:[object Object]
[info] +  hosting[ns-motors-bangladesh-ltd]: version finalized 
[info] i  hosting[ns-motors-bangladesh-ltd]: releasing new version... 
[debug] [2022-05-27T14:15:51.499Z] >>> [apiv2][query] POST https://firebasehosting.googleapis.com/v1beta1/projects/554772674511/sites/ns-motors-bangladesh-ltd/releases versionName=projects%2F554772674511%2Fsites%2Fns-motors-bangladesh-ltd%2Fversions%2F15bcf28d1fec5721
[debug] [2022-05-27T14:15:51.500Z] >>> [apiv2][body] POST https://firebasehosting.googleapis.com/v1beta1/projects/554772674511/sites/ns-motors-bangladesh-ltd/releases {"message":null}
[debug] [2022-05-27T14:15:53.225Z] <<< [apiv2][status] POST https://firebasehosting.googleapis.com/v1beta1/projects/554772674511/sites/ns-motors-bangladesh-ltd/releases 200
[debug] [2022-05-27T14:15:53.225Z] <<< [apiv2][body] POST https://firebasehosting.googleapis.com/v1beta1/projects/554772674511/sites/ns-motors-bangladesh-ltd/releases {"name":"projects/554772674511/sites/ns-motors-bangladesh-ltd/releases/1653660954976458","version":{"name":"projects/554772674511/sites/ns-motors-bangladesh-ltd/versions/15bcf28d1fec5721","status":"FINALIZED","config":{"rewrites":[{"glob":"**","path":"/index.html"}]},"labels":{"deployment-tool":"cli-firebase"},"createTime":"2022-05-27T14:15:45.963476Z","createUser":{"email":"projitmondol@gmail.com","imageUrl":"https://lh3.googleusercontent.com/a-/AOh14GiNEtPeVWVFFYQcfX8SFzvtjwE-brkDyrQY7W9Y"},"finalizeTime":"2022-05-27T14:15:53.927388Z","finalizeUser":{"email":"projitmondol@gmail.com","imageUrl":"https://lh3.googleusercontent.com/a-/AOh14GiNEtPeVWVFFYQcfX8SFzvtjwE-brkDyrQY7W9Y"}},"type":"DEPLOY","releaseTime":"2022-05-27T14:15:54.976458815Z","releaseUser":{"email":"projitmondol@gmail.com","imageUrl":"https://lh3.googleusercontent.com/a-/AOh14GiNEtPeVWVFFYQcfX8SFzvtjwE-brkDyrQY7W9Y"}}
[debug] [2022-05-27T14:15:53.225Z] [hosting] release: {"name":"projects/554772674511/sites/ns-motors-bangladesh-ltd/releases/1653660954976458","version":{"name":"projects/554772674511/sites/ns-motors-bangladesh-ltd/versions/15bcf28d1fec5721","status":"FINALIZED","config":{"rewrites":[{"glob":"**","path":"/index.html"}]},"labels":{"deployment-tool":"cli-firebase"},"createTime":"2022-05-27T14:15:45.963476Z","createUser":{"email":"projitmondol@gmail.com","imageUrl":"https://lh3.googleusercontent.com/a-/AOh14GiNEtPeVWVFFYQcfX8SFzvtjwE-brkDyrQY7W9Y"},"finalizeTime":"2022-05-27T14:15:53.927388Z","finalizeUser":{"email":"projitmondol@gmail.com","imageUrl":"https://lh3.googleusercontent.com/a-/AOh14GiNEtPeVWVFFYQcfX8SFzvtjwE-brkDyrQY7W9Y"}},"type":"DEPLOY","releaseTime":"2022-05-27T14:15:54.976458815Z","releaseUser":{"email":"projitmondol@gmail.com","imageUrl":"https://lh3.googleusercontent.com/a-/AOh14GiNEtPeVWVFFYQcfX8SFzvtjwE-brkDyrQY7W9Y"}}
[info] +  hosting[ns-motors-bangladesh-ltd]: release complete 
[info] 
[info] +  Deploy complete! 
[info] 
[info] Project Console: https://console.firebase.google.com/project/ns-motors-bangladesh-ltd/overview
[info] Hosting URL: https://ns-motors-bangladesh-ltd.web.app
